Performing C SOURCE FILE Test CMAKE_HAVE_LIBC_PTHREAD failed with the following output:
Change Dir: /home/jikim/study/GL_jikim/GL/GLSL/build/dep_glfw-prefix/src/dep_glfw-build/CMakeFiles/CMakeTmp

Run Build Command(s):/usr/bin/make cmTC_59c12/fast && make[3]: Entering directory '/home/jikim/study/GL_jikim/GL/GLSL/build/dep_glfw-prefix/src/dep_glfw-build/CMakeFiles/CMakeTmp'
/usr/bin/make -f CMakeFiles/cmTC_59c12.dir/build.make CMakeFiles/cmTC_59c12.dir/build
make[4]: Entering directory '/home/jikim/study/GL_jikim/GL/GLSL/build/dep_glfw-prefix/src/dep_glfw-build/CMakeFiles/CMakeTmp'
Building C object CMakeFiles/cmTC_59c12.dir/src.c.o
/usr/bin/cc   -DCMAKE_HAVE_LIBC_PTHREAD   -o CMakeFiles/cmTC_59c12.dir/src.c.o   -c /home/jikim/study/GL_jikim/GL/GLSL/build/dep_glfw-prefix/src/dep_glfw-build/CMakeFiles/CMakeTmp/src.c
Linking C executable cmTC_59c12
/usr/bin/cmake -E cmake_link_script CMakeFiles/cmTC_59c12.dir/link.txt --verbose=1
/usr/bin/cc  -DCMAKE_HAVE_LIBC_PTHREAD    -rdynamic CMakeFiles/cmTC_59c12.dir/src.c.o  -o cmTC_59c12 
/usr/bin/ld: CMakeFiles/cmTC_59c12.dir/src.c.o: in function `main':
src.c:(.text+0x46): undefined reference to `pthread_create'
/usr/bin/ld: src.c:(.text+0x52): undefined reference to `pthread_detach'
/usr/bin/ld: src.c:(.text+0x63): undefined reference to `pthread_join'
collect2: error: ld returned 1 exit status
make[4]: *** [CMakeFiles/cmTC_59c12.dir/build.make:87: cmTC_59c12] Error 1
make[4]: Leaving directory '/home/jikim/study/GL_jikim/GL/GLSL/build/dep_glfw-prefix/src/dep_glfw-build/CMakeFiles/CMakeTmp'
make[3]: *** [Makefile:121: cmTC_59c12/fast] Error 2
make[3]: Leaving directory '/home/jikim/study/GL_jikim/GL/GLSL/build/dep_glfw-prefix/src/dep_glfw-build/CMakeFiles/CMakeTmp'


Source file was:
#include <pthread.h>

void* test_func(void* data)
{
  return data;
}

int main(void)
{
  pthread_t thread;
  pthread_create(&thread, NULL, test_func, NULL);
  pthread_detach(thread);
  pthread_join(thread, NULL);
  pthread_atfork(NULL, NULL, NULL);
  pthread_exit(NULL);

  return 0;
}

Determining if the function pthread_create exists in the pthreads failed with the following output:
Change Dir: /home/jikim/study/GL_jikim/GL/GLSL/build/dep_glfw-prefix/src/dep_glfw-build/CMakeFiles/CMakeTmp

Run Build Command(s):/usr/bin/make cmTC_da6f6/fast && make[3]: Entering directory '/home/jikim/study/GL_jikim/GL/GLSL/build/dep_glfw-prefix/src/dep_glfw-build/CMakeFiles/CMakeTmp'
/usr/bin/make -f CMakeFiles/cmTC_da6f6.dir/build.make CMakeFiles/cmTC_da6f6.dir/build
make[4]: Entering directory '/home/jikim/study/GL_jikim/GL/GLSL/build/dep_glfw-prefix/src/dep_glfw-build/CMakeFiles/CMakeTmp'
Building C object CMakeFiles/cmTC_da6f6.dir/CheckFunctionExists.c.o
/usr/bin/cc   -DCHECK_FUNCTION_EXISTS=pthread_create   -o CMakeFiles/cmTC_da6f6.dir/CheckFunctionExists.c.o   -c /usr/share/cmake-3.16/Modules/CheckFunctionExists.c
Linking C executable cmTC_da6f6
/usr/bin/cmake -E cmake_link_script CMakeFiles/cmTC_da6f6.dir/link.txt --verbose=1
/usr/bin/cc  -DCHECK_FUNCTION_EXISTS=pthread_create    -rdynamic CMakeFiles/cmTC_da6f6.dir/CheckFunctionExists.c.o  -o cmTC_da6f6  -lpthreads 
/usr/bin/ld: cannot find -lpthreads
collect2: error: ld returned 1 exit status
make[4]: *** [CMakeFiles/cmTC_da6f6.dir/build.make:87: cmTC_da6f6] Error 1
make[4]: Leaving directory '/home/jikim/study/GL_jikim/GL/GLSL/build/dep_glfw-prefix/src/dep_glfw-build/CMakeFiles/CMakeTmp'
make[3]: *** [Makefile:121: cmTC_da6f6/fast] Error 2
make[3]: Leaving directory '/home/jikim/study/GL_jikim/GL/GLSL/build/dep_glfw-prefix/src/dep_glfw-build/CMakeFiles/CMakeTmp'



