Performing C++ SOURCE FILE Test CMAKE_HAVE_LIBC_PTHREAD failed with the following output:
Change Dir: /home/jikim/study/GL_jikim/GL/GLSL/build/dep_spdlog-prefix/src/dep_spdlog-build/CMakeFiles/CMakeTmp

Run Build Command(s):/usr/bin/make cmTC_3397e/fast && make[3]: Entering directory '/home/jikim/study/GL_jikim/GL/GLSL/build/dep_spdlog-prefix/src/dep_spdlog-build/CMakeFiles/CMakeTmp'
/usr/bin/make -f CMakeFiles/cmTC_3397e.dir/build.make CMakeFiles/cmTC_3397e.dir/build
make[4]: Entering directory '/home/jikim/study/GL_jikim/GL/GLSL/build/dep_spdlog-prefix/src/dep_spdlog-build/CMakeFiles/CMakeTmp'
Building CXX object CMakeFiles/cmTC_3397e.dir/src.cxx.o
/usr/bin/c++    -DCMAKE_HAVE_LIBC_PTHREAD   -std=c++11 -o CMakeFiles/cmTC_3397e.dir/src.cxx.o -c /home/jikim/study/GL_jikim/GL/GLSL/build/dep_spdlog-prefix/src/dep_spdlog-build/CMakeFiles/CMakeTmp/src.cxx
Linking CXX executable cmTC_3397e
/usr/bin/cmake -E cmake_link_script CMakeFiles/cmTC_3397e.dir/link.txt --verbose=1
/usr/bin/c++   -DCMAKE_HAVE_LIBC_PTHREAD    CMakeFiles/cmTC_3397e.dir/src.cxx.o  -o cmTC_3397e 
/usr/bin/ld: CMakeFiles/cmTC_3397e.dir/src.cxx.o: in function `main':
src.cxx:(.text+0x46): undefined reference to `pthread_create'
/usr/bin/ld: src.cxx:(.text+0x52): undefined reference to `pthread_detach'
/usr/bin/ld: src.cxx:(.text+0x63): undefined reference to `pthread_join'
collect2: error: ld returned 1 exit status
make[4]: *** [CMakeFiles/cmTC_3397e.dir/build.make:87: cmTC_3397e] Error 1
make[4]: Leaving directory '/home/jikim/study/GL_jikim/GL/GLSL/build/dep_spdlog-prefix/src/dep_spdlog-build/CMakeFiles/CMakeTmp'
make[3]: *** [Makefile:121: cmTC_3397e/fast] Error 2
make[3]: Leaving directory '/home/jikim/study/GL_jikim/GL/GLSL/build/dep_spdlog-prefix/src/dep_spdlog-build/CMakeFiles/CMakeTmp'


Source file was:
#include <pthread.h>

void* test_func(void* data)
{
  return data;
}

int main(void)
{
  pthread_t thread;
  pthread_create(&thread, NULL, test_func, NULL);
  pthread_detach(thread);
  pthread_join(thread, NULL);
  pthread_atfork(NULL, NULL, NULL);
  pthread_exit(NULL);

  return 0;
}

Determining if the function pthread_create exists in the pthreads failed with the following output:
Change Dir: /home/jikim/study/GL_jikim/GL/GLSL/build/dep_spdlog-prefix/src/dep_spdlog-build/CMakeFiles/CMakeTmp

Run Build Command(s):/usr/bin/make cmTC_fb95d/fast && make[3]: Entering directory '/home/jikim/study/GL_jikim/GL/GLSL/build/dep_spdlog-prefix/src/dep_spdlog-build/CMakeFiles/CMakeTmp'
/usr/bin/make -f CMakeFiles/cmTC_fb95d.dir/build.make CMakeFiles/cmTC_fb95d.dir/build
make[4]: Entering directory '/home/jikim/study/GL_jikim/GL/GLSL/build/dep_spdlog-prefix/src/dep_spdlog-build/CMakeFiles/CMakeTmp'
Building CXX object CMakeFiles/cmTC_fb95d.dir/CheckFunctionExists.cxx.o
/usr/bin/c++    -DCHECK_FUNCTION_EXISTS=pthread_create   -std=c++11 -o CMakeFiles/cmTC_fb95d.dir/CheckFunctionExists.cxx.o -c /home/jikim/study/GL_jikim/GL/GLSL/build/dep_spdlog-prefix/src/dep_spdlog-build/CMakeFiles/CheckLibraryExists/CheckFunctionExists.cxx
Linking CXX executable cmTC_fb95d
/usr/bin/cmake -E cmake_link_script CMakeFiles/cmTC_fb95d.dir/link.txt --verbose=1
/usr/bin/c++   -DCHECK_FUNCTION_EXISTS=pthread_create    CMakeFiles/cmTC_fb95d.dir/CheckFunctionExists.cxx.o  -o cmTC_fb95d  -lpthreads 
/usr/bin/ld: cannot find -lpthreads
collect2: error: ld returned 1 exit status
make[4]: *** [CMakeFiles/cmTC_fb95d.dir/build.make:87: cmTC_fb95d] Error 1
make[4]: Leaving directory '/home/jikim/study/GL_jikim/GL/GLSL/build/dep_spdlog-prefix/src/dep_spdlog-build/CMakeFiles/CMakeTmp'
make[3]: *** [Makefile:121: cmTC_fb95d/fast] Error 2
make[3]: Leaving directory '/home/jikim/study/GL_jikim/GL/GLSL/build/dep_spdlog-prefix/src/dep_spdlog-build/CMakeFiles/CMakeTmp'



